<?xml version="1.0" encoding="UTF-8"?>
<!-- Generated by org.testng.reporters.JUnitReportReporter -->
<testsuite skipped="0" hostname="KHALIQUE-PC" name="TestRunner.TestngRunner" tests="1" failures="0" timestamp="05 May 2021 14:03:55 GMT" time="106.191" errors="0">
  <testcase name="feature" time="106.191" classname="TestRunner.TestngRunner"/>
</testsuite> <!-- TestRunner.TestngRunner -->
